<?xml version="1.0" encoding="UTF-8"?>
<!-- Generated by org.testng.reporters.JUnitReportReporter -->
<testsuite hostname="ashutosh-Vostro-3480" failures="0" tests="1" name="com.courier91.apiWorkspace.OrderDenyUserConfirmation" time="5.484" errors="0" timestamp="2020-07-30T22:42:42 IST" skipped="0">
  <testcase classname="com.courier91.apiWorkspace.OrderDenyUserConfirmation" name="OrderDenyUserConfirmationApi" time="5.484"/>
  <system-out/>
</testsuite> <!-- com.courier91.apiWorkspace.OrderDenyUserConfirmation -->
