<?xml version="1.0" encoding="UTF-8"?>
<!-- Generated by org.testng.reporters.JUnitReportReporter -->
<testsuite hostname="ashutosh-Vostro-3480" failures="0" tests="10" name="com.courier91.script.TEst" time="0.024" errors="0" timestamp="2020-07-17T12:14:49 IST" skipped="0">
  <testcase classname="com.courier91.script.TEst" name="test" time="0.001"/>
  <system-out/>
  <testcase classname="com.courier91.script.TEst" name="test" time="0.001"/>
  <system-out/>
  <testcase classname="com.courier91.script.TEst" name="test" time="0.002"/>
  <system-out/>
  <testcase classname="com.courier91.script.TEst" name="test" time="0.011"/>
  <system-out/>
  <testcase classname="com.courier91.script.TEst" name="test" time="0.001"/>
  <system-out/>
  <testcase classname="com.courier91.script.TEst" name="test" time="0.001"/>
  <system-out/>
  <testcase classname="com.courier91.script.TEst" name="test" time="0.002"/>
  <system-out/>
  <testcase classname="com.courier91.script.TEst" name="test" time="0.001"/>
  <system-out/>
  <testcase classname="com.courier91.script.TEst" name="test" time="0.002"/>
  <system-out/>
  <testcase classname="com.courier91.script.TEst" name="test" time="0.002"/>
  <system-out/>
</testsuite> <!-- com.courier91.script.TEst -->
