<?xml version="1.0" encoding="UTF-8"?>
<!-- Generated by org.testng.reporters.JUnitReportReporter -->
<testsuite hostname="ashutosh-Vostro-3480" failures="0" tests="1" name="com.courier91.apiWorkspace.ApiCallForReadyToReturn" time="1.291" errors="0" timestamp="2020-07-02T18:31:34 IST" skipped="0">
  <testcase classname="com.courier91.apiWorkspace.ApiCallForReadyToReturn" name="callapi" time="1.291"/>
  <system-out/>
</testsuite> <!-- com.courier91.apiWorkspace.ApiCallForReadyToReturn -->
