<?xml version="1.0" encoding="UTF-8"?>
<!-- Generated by org.testng.reporters.JUnitReportReporter -->
<testsuite hostname="ashutosh-Vostro-3480" failures="0" tests="1" name="com.courier91.apiWorkspace.PostApiForReturnProcess" time="2.645" errors="0" timestamp="2020-07-18T19:11:21 IST" skipped="0">
  <testcase classname="com.courier91.apiWorkspace.PostApiForReturnProcess" name="ReturnOrderApi" time="2.645"/>
  <system-out>
api status code is  =200 api response is ={
  "requestStatus" : "FAIL",
  "appMessage" : "प्रीतिक्षा करे आपका हम इस पर काम कर रहे है ",
  "id" : null
}  </system-out>
</testsuite> <!-- com.courier91.apiWorkspace.PostApiForReturnProcess -->
