<?xml version="1.0" encoding="UTF-8"?>
<!-- Generated by org.testng.reporters.JUnitReportReporter -->
<testsuite hostname="ashutosh-Vostro-3480" failures="0" tests="1" name="com.courier91.script.TestC91" time="25.152" errors="0" timestamp="2020-10-09T15:24:10 IST" skipped="0">
  <testcase classname="com.courier91.script.TestC91" name="test_ReadyToReturnFunctionality_Throught_globalScanner" time="25.152"/>
  <system-out>
यह सामान जिसका आर्डर आईडी 2121275 है। यह सामान आपको रिटर्न करना होगा क्युकी यह सामान कस्टमर ने कैंसिल कर दिया है। कृपया इस सामान को रिटर्न मार्क करें। READY TO RETURN ORDER  ID SCAN SUCCESSFULLY THROUGH GLOBAL SCANNER    </system-out>
</testsuite> <!-- com.courier91.script.TestC91 -->
